# JRE version: Java(TM) SE Runtime Environment (8.0_51-b16) (build 1.8.0_51-b16)
# Java VM: Java HotSpot(TM) 64-Bit Server VM (25.51-b03 mixed mode windows-amd64 compressed oops)
Heap:
 PSYoungGen      total 130560K, used 110551K [0x00000000eab00000, 0x00000000f3c00000, 0x0000000100000000)
  eden space 117248K, 82% used [0x00000000eab00000,0x00000000f09f7e08,0x00000000f1d80000)
  from space 13312K, 99% used [0x00000000f2c00000,0x00000000f38fde50,0x00000000f3900000)
  to   space 14848K, 0% used [0x00000000f1d80000,0x00000000f1d80000,0x00000000f2c00000)
 ParOldGen       total 74240K, used 53955K [0x00000000c0000000, 0x00000000c4880000, 0x00000000eab00000)
  object space 74240K, 72% used [0x00000000c0000000,0x00000000c34b0d78,0x00000000c4880000)
 Metaspace       used 7466K, capacity 7896K, committed 8192K, reserved 1056768K
  class space    used 693K, capacity 720K, committed 768K, reserved 1048576K
GC Heap History (10 events):
Event: 6.857 GC heap before
{Heap before GC invocations=5 (full 0):
 PSYoungGen      total 61440K, used 61409K [0x00000000eab00000, 0x00000000ee900000, 0x0000000100000000)
  eden space 59392K, 100% used [0x00000000eab00000,0x00000000ee500000,0x00000000ee500000)
  from space 2048K, 98% used [0x00000000ee700000,0x00000000ee8f85b0,0x00000000ee900000)
  to   space 2048K, 0% used [0x00000000ee500000,0x00000000ee500000,0x00000000ee700000)
 ParOldGen       total 38400K, used 12010K [0x00000000c0000000, 0x00000000c2580000, 0x00000000eab00000)
  object space 38400K, 31% used [0x00000000c0000000,0x00000000c0bbaa28,0x00000000c2580000)
 Metaspace       used 6049K, capacity 6960K, committed 7040K, reserved 1056768K
  class space    used 594K, capacity 616K, committed 640K, reserved 1048576K
Event: 7.026 GC heap after
Heap after GC invocations=5 (full 0):
 PSYoungGen      total 61440K, used 2017K [0x00000000eab00000, 0x00000000f3900000, 0x0000000100000000)
  eden space 59392K, 0% used [0x00000000eab00000,0x00000000eab00000,0x00000000ee500000)
  from space 2048K, 98% used [0x00000000ee500000,0x00000000ee6f85b0,0x00000000ee700000)
  to   space 13312K, 0% used [0x00000000f2c00000,0x00000000f2c00000,0x00000000f3900000)
 ParOldGen       total 38400K, used 20812K [0x00000000c0000000, 0x00000000c2580000, 0x00000000eab00000)
  object space 38400K, 54% used [0x00000000c0000000,0x00000000c1453300,0x00000000c2580000)
 Metaspace       used 6049K, capacity 6960K, committed 7040K, reserved 1056768K
  class space    used 594K, capacity 616K, committed 640K, reserved 1048576K
}
Event: 10.237 GC heap before
{Heap before GC invocations=6 (full 0):
 PSYoungGen      total 61440K, used 61409K [0x00000000eab00000, 0x00000000f3900000, 0x0000000100000000)
  eden space 59392K, 100% used [0x00000000eab00000,0x00000000ee500000,0x00000000ee500000)
  from space 2048K, 98% used [0x00000000ee500000,0x00000000ee6f85b0,0x00000000ee700000)
  to   space 13312K, 0% used [0x00000000f2c00000,0x00000000f2c00000,0x00000000f3900000)
 ParOldGen       total 38400K, used 20812K [0x00000000c0000000, 0x00000000c2580000, 0x00000000eab00000)
  object space 38400K, 54% used [0x00000000c0000000,0x00000000c1453300,0x00000000c2580000)
 Metaspace       used 6301K, capacity 7152K, committed 7296K, reserved 1056768K
  class space    used 595K, capacity 616K, committed 640K, reserved 1048576K
Event: 10.257 GC heap after
Heap after GC invocations=6 (full 0):
 PSYoungGen      total 130560K, used 11261K [0x00000000eab00000, 0x00000000f3c00000, 0x0000000100000000)
  eden space 117248K, 0% used [0x00000000eab00000,0x00000000eab00000,0x00000000f1d80000)
  from space 13312K, 84% used [0x00000000f2c00000,0x00000000f36ff508,0x00000000f3900000)
  to   space 14848K, 0% used [0x00000000f1d80000,0x00000000f1d80000,0x00000000f2c00000)
 ParOldGen       total 38400K, used 20812K [0x00000000c0000000, 0x00000000c2580000, 0x00000000eab00000)
  object space 38400K, 54% used [0x00000000c0000000,0x00000000c1453300,0x00000000c2580000)
 Metaspace       used 6301K, capacity 7152K, committed 7296K, reserved 1056768K
  class space    used 595K, capacity 616K, committed 640K, reserved 1048576K
}
Event: 19.163 GC heap before
{Heap before GC invocations=7 (full 0):
 PSYoungGen      total 130560K, used 128509K [0x00000000eab00000, 0x00000000f3c00000, 0x0000000100000000)
  eden space 117248K, 100% used [0x00000000eab00000,0x00000000f1d80000,0x00000000f1d80000)
  from space 13312K, 84% used [0x00000000f2c00000,0x00000000f36ff508,0x00000000f3900000)
  to   space 14848K, 0% used [0x00000000f1d80000,0x00000000f1d80000,0x00000000f2c00000)
 ParOldGen       total 38400K, used 20812K [0x00000000c0000000, 0x00000000c2580000, 0x00000000eab00000)
  object space 38400K, 54% used [0x00000000c0000000,0x00000000c1453300,0x00000000c2580000)
 Metaspace       used 6448K, capacity 7256K, committed 7424K, reserved 1056768K
  class space    used 615K, capacity 656K, committed 768K, reserved 1048576K
Event: 20.204 GC heap after
Heap after GC invocations=7 (full 0):
 PSYoungGen      total 132096K, used 14819K [0x00000000eab00000, 0x00000000f3c00000, 0x0000000100000000)
  eden space 117248K, 0% used [0x00000000eab00000,0x00000000eab00000,0x00000000f1d80000)
  from space 14848K, 99% used [0x00000000f1d80000,0x00000000f2bf8e88,0x00000000f2c00000)
  to   space 13312K, 0% used [0x00000000f2c00000,0x00000000f2c00000,0x00000000f3900000)
 ParOldGen       total 38400K, used 36232K [0x00000000c0000000, 0x00000000c2580000, 0x00000000eab00000)
  object space 38400K, 94% used [0x00000000c0000000,0x00000000c23622b0,0x00000000c2580000)
 Metaspace       used 6448K, capacity 7256K, committed 7424K, reserved 1056768K
  class space    used 615K, capacity 656K, committed 768K, reserved 1048576K
}
Event: 20.204 GC heap before
{Heap before GC invocations=8 (full 1):
 PSYoungGen      total 132096K, used 14819K [0x00000000eab00000, 0x00000000f3c00000, 0x0000000100000000)
  eden space 117248K, 0% used [0x00000000eab00000,0x00000000eab00000,0x00000000f1d80000)
  from space 14848K, 99% used [0x00000000f1d80000,0x00000000f2bf8e88,0x00000000f2c00000)
  to   space 13312K, 0% used [0x00000000f2c00000,0x00000000f2c00000,0x00000000f3900000)
 ParOldGen       total 38400K, used 36232K [0x00000000c0000000, 0x00000000c2580000, 0x00000000eab00000)
  object space 38400K, 94% used [0x00000000c0000000,0x00000000c23622b0,0x00000000c2580000)
 Metaspace       used 6448K, capacity 7256K, committed 7424K, reserved 1056768K
  class space    used 615K, capacity 656K, committed 768K, reserved 1048576K
Event: 22.334 GC heap after
Heap after GC invocations=8 (full 1):
 PSYoungGen      total 132096K, used 11131K [0x00000000eab00000, 0x00000000f3c00000, 0x0000000100000000)
  eden space 117248K, 0% used [0x00000000eab00000,0x00000000eab00000,0x00000000f1d80000)
  from space 14848K, 74% used [0x00000000f1d80000,0x00000000f285efd0,0x00000000f2c00000)
  to   space 13312K, 0% used [0x00000000f2c00000,0x00000000f2c00000,0x00000000f3900000)
 ParOldGen       total 74240K, used 37932K [0x00000000c0000000, 0x00000000c4880000, 0x00000000eab00000)
  object space 74240K, 51% used [0x00000000c0000000,0x00000000c250b0a0,0x00000000c4880000)
 Metaspace       used 6448K, capacity 7256K, committed 7424K, reserved 1056768K
  class space    used 615K, capacity 656K, committed 768K, reserved 1048576K
}
Event: 22.953 GC heap before
{Heap before GC invocations=9 (full 1):
 PSYoungGen      total 132096K, used 128379K [0x00000000eab00000, 0x00000000f3c00000, 0x0000000100000000)
  eden space 117248K, 100% used [0x00000000eab00000,0x00000000f1d80000,0x00000000f1d80000)
  from space 14848K, 74% used [0x00000000f1d80000,0x00000000f285efd0,0x00000000f2c00000)
  to   space 13312K, 0% used [0x00000000f2c00000,0x00000000f2c00000,0x00000000f3900000)
 ParOldGen       total 74240K, used 37932K [0x00000000c0000000, 0x00000000c4880000, 0x00000000eab00000)
  object space 74240K, 51% used [0x00000000c0000000,0x00000000c250b0a0,0x00000000c4880000)
 Metaspace       used 6461K, capacity 7256K, committed 7424K, reserved 1056768K
  class space    used 615K, capacity 656K, committed 768K, reserved 1048576K
Event: 24.016 GC heap after
Heap after GC invocations=9 (full 1):
 PSYoungGen      total 130560K, used 13303K [0x00000000eab00000, 0x00000000f3c00000, 0x0000000100000000)
  eden space 117248K, 0% used [0x00000000eab00000,0x00000000eab00000,0x00000000f1d80000)
  from space 13312K, 99% used [0x00000000f2c00000,0x00000000f38fde50,0x00000000f3900000)
  to   space 14848K, 0% used [0x00000000f1d80000,0x00000000f1d80000,0x00000000f2c00000)
 ParOldGen       total 74240K, used 53955K [0x00000000c0000000, 0x00000000c4880000, 0x00000000eab00000)
  object space 74240K, 72% used [0x00000000c0000000,0x00000000c34b0d78,0x00000000c4880000)
 Metaspace       used 6461K, capacity 7256K, committed 7424K, reserved 1056768K
  class space    used 615K, capacity 656K, committed 768K, reserved 1048576K
}

